  INFO ---------------------------------------------------------------------------
  INFO START 2020-02-03 23:31:29 +0530 cap production deploy
  INFO ---------------------------------------------------------------------------
  INFO [9069a787] Running /usr/bin/env mkdir -p /tmp as deploy@3.19.27.247
 DEBUG [9069a787] Command: /usr/bin/env mkdir -p /tmp
  INFO ---------------------------------------------------------------------------
  INFO START 2020-02-03 23:31:46 +0530 cap production deploy
  INFO ---------------------------------------------------------------------------
  INFO [ce91049b] Running /usr/bin/env mkdir -p /tmp as deploy@3.19.27.247
 DEBUG [ce91049b] Command: /usr/bin/env mkdir -p /tmp
  INFO ---------------------------------------------------------------------------
  INFO START 2020-02-03 23:32:46 +0530 cap production deploy
  INFO ---------------------------------------------------------------------------
  INFO [89d6861a] Running /usr/bin/env mkdir -p /tmp as deploy@3.19.27.247
 DEBUG [89d6861a] Command: /usr/bin/env mkdir -p /tmp
  INFO ---------------------------------------------------------------------------
  INFO START 2020-02-03 23:34:53 +0530 cap production deploy
  INFO ---------------------------------------------------------------------------
  INFO [80e1e54c] Running /usr/bin/env mkdir -p /tmp as deploy@3.19.27.247
 DEBUG [80e1e54c] Command: /usr/bin/env mkdir -p /tmp
  INFO ---------------------------------------------------------------------------
  INFO START 2020-02-03 23:35:24 +0530 cap production deploy
  INFO ---------------------------------------------------------------------------
  INFO [b91a3bf8] Running /usr/bin/env mkdir -p /tmp as deploy@3.19.27.247
 DEBUG [b91a3bf8] Command: /usr/bin/env mkdir -p /tmp
  INFO ---------------------------------------------------------------------------
  INFO START 2020-02-03 23:36:05 +0530 cap production deploy
  INFO ---------------------------------------------------------------------------
  INFO [24823ad3] Running /usr/bin/env mkdir -p /tmp as deploy@3.19.27.247
 DEBUG [24823ad3] Command: /usr/bin/env mkdir -p /tmp
  INFO ---------------------------------------------------------------------------
  INFO START 2020-02-03 23:38:27 +0530 cap production deploy
  INFO ---------------------------------------------------------------------------
  INFO [7829d302] Running /usr/bin/env mkdir -p /tmp as deploy@3.19.27.247
 DEBUG [7829d302] Command: /usr/bin/env mkdir -p /tmp
  INFO ---------------------------------------------------------------------------
  INFO START 2020-02-03 23:42:05 +0530 cap production deploy
  INFO ---------------------------------------------------------------------------
  INFO [994a98d6] Running /usr/bin/env mkdir -p /tmp as ubuntu@3.19.27.247
 DEBUG [994a98d6] Command: /usr/bin/env mkdir -p /tmp
  INFO ---------------------------------------------------------------------------
  INFO START 2020-02-03 23:42:56 +0530 cap production deploy
  INFO ---------------------------------------------------------------------------
  INFO [ab988dd7] Running /usr/bin/env mkdir -p /tmp as ubuntu@3.19.27.247
 DEBUG [ab988dd7] Command: /usr/bin/env mkdir -p /tmp
  INFO ---------------------------------------------------------------------------
  INFO START 2020-02-03 23:43:43 +0530 cap qa deploy
  INFO ---------------------------------------------------------------------------
  INFO [fc04800a] Running /usr/bin/env mkdir -p /tmp as ubuntu@3.19.27.247
 DEBUG [fc04800a] Command: /usr/bin/env mkdir -p /tmp
  INFO ---------------------------------------------------------------------------
  INFO START 2020-02-03 23:45:54 +0530 cap production deploy:check
  INFO ---------------------------------------------------------------------------
  INFO [5f3677ce] Running /usr/bin/env mkdir -p /tmp as ubuntu@3.19.27.247
 DEBUG [5f3677ce] Command: /usr/bin/env mkdir -p /tmp
  INFO ---------------------------------------------------------------------------
  INFO START 2020-02-03 23:46:49 +0530 cap production deploy:check
  INFO ---------------------------------------------------------------------------
  INFO [a24f47c5] Running /usr/bin/env mkdir -p /tmp as ubuntu@3.19.27.247
 DEBUG [a24f47c5] Command: /usr/bin/env mkdir -p /tmp
  INFO ---------------------------------------------------------------------------
  INFO START 2020-02-03 23:49:39 +0530 cap production deploy:check
  INFO ---------------------------------------------------------------------------
  INFO [5fbac199] Running /usr/bin/env mkdir -p /tmp as ubuntu@3.19.27.247
 DEBUG [5fbac199] Command: /usr/bin/env mkdir -p /tmp
  INFO ---------------------------------------------------------------------------
  INFO START 2020-02-04 11:35:24 +0530 cap production deploy
  INFO ---------------------------------------------------------------------------
  INFO [f2e35e78] Running /usr/bin/env mkdir -p /tmp as <deploy>@<3.19.255.157>
 DEBUG [f2e35e78] Command: /usr/bin/env mkdir -p /tmp
  INFO [3fc6acad] Running /usr/bin/env mkdir -p /tmp as deploy@3.19.255.157
 DEBUG [3fc6acad] Command: /usr/bin/env mkdir -p /tmp
  INFO ---------------------------------------------------------------------------
  INFO START 2020-02-04 11:40:05 +0530 cap production deploy
  INFO ---------------------------------------------------------------------------
  INFO [afc8d88c] Running /usr/bin/env mkdir -p /tmp as <deploy>@<3.19.255.157>
 DEBUG [afc8d88c] Command: /usr/bin/env mkdir -p /tmp
  INFO [385bf5f1] Running /usr/bin/env mkdir -p /tmp as deploy@3.19.255.157
 DEBUG [385bf5f1] Command: /usr/bin/env mkdir -p /tmp
 DEBUG [385bf5f1] 	/etc/profile.d/lang.sh: line 19: warning: setlocale: LC_CTYPE: cannot change locale (UTF-8): No such file or directory
  INFO [385bf5f1] Finished in 4.397 seconds with exit status 0 (successful).
 DEBUG Uploading /tmp/git-ssh-rails_deploy-production-admin.sh 0.0%
  INFO Uploading /tmp/git-ssh-rails_deploy-production-admin.sh 100.0%
  INFO [2fe3c114] Running /usr/bin/env chmod 700 /tmp/git-ssh-rails_deploy-production-admin.sh as deploy@3.19.255.157
 DEBUG [2fe3c114] Command: /usr/bin/env chmod 700 /tmp/git-ssh-rails_deploy-production-admin.sh
 DEBUG [2fe3c114] 	/etc/profile.d/lang.sh: line 19: warning: setlocale: LC_CTYPE: cannot change locale (UTF-8): No such file or directory
  INFO [2fe3c114] Finished in 0.940 seconds with exit status 0 (successful).
  INFO ---------------------------------------------------------------------------
  INFO START 2020-02-04 11:44:05 +0530 cap production deploy
  INFO ---------------------------------------------------------------------------
  INFO ---------------------------------------------------------------------------
  INFO START 2020-02-04 11:44:10 +0530 cap production deploy
  INFO ---------------------------------------------------------------------------
  INFO ---------------------------------------------------------------------------
  INFO START 2020-02-04 11:44:50 +0530 cap production deploy
  INFO ---------------------------------------------------------------------------
  INFO [3a52a414] Running /usr/bin/env mkdir -p /tmp as deploy@3.19.255.157
 DEBUG [3a52a414] Command: /usr/bin/env mkdir -p /tmp
  INFO ---------------------------------------------------------------------------
  INFO START 2020-02-04 11:50:42 +0530 cap production deploy
  INFO ---------------------------------------------------------------------------
  INFO [68897426] Running /usr/bin/env mkdir -p /tmp as deploy@3.19.255.157
 DEBUG [68897426] Command: /usr/bin/env mkdir -p /tmp
  INFO ---------------------------------------------------------------------------
  INFO START 2020-02-04 11:53:33 +0530 cap production deploy
  INFO ---------------------------------------------------------------------------
  INFO [7e3c9d87] Running /usr/bin/env mkdir -p /tmp as deploy@3.19.255.157
 DEBUG [7e3c9d87] Command: /usr/bin/env mkdir -p /tmp
  INFO ---------------------------------------------------------------------------
  INFO START 2020-02-04 11:55:10 +0530 cap production deploy
  INFO ---------------------------------------------------------------------------
  INFO [2c0a88af] Running /usr/bin/env mkdir -p /tmp as deploy@3.19.255.157
 DEBUG [2c0a88af] Command: /usr/bin/env mkdir -p /tmp
  INFO ---------------------------------------------------------------------------
  INFO START 2020-02-04 11:57:22 +0530 cap production deploy
  INFO ---------------------------------------------------------------------------
  INFO [10dcafd8] Running /usr/bin/env mkdir -p /tmp as deploy@3.19.255.157
 DEBUG [10dcafd8] Command: /usr/bin/env mkdir -p /tmp
 DEBUG [10dcafd8] 	/etc/profile.d/lang.sh: line 19: warning: setlocale: LC_CTYPE: cannot change locale (UTF-8): No such file or directory
  INFO [10dcafd8] Finished in 3.656 seconds with exit status 0 (successful).
 DEBUG Uploading /tmp/git-ssh-rails_deploy-production-admin.sh 0.0%
  INFO Uploading /tmp/git-ssh-rails_deploy-production-admin.sh 100.0%
  INFO [112bfc77] Running /usr/bin/env chmod 700 /tmp/git-ssh-rails_deploy-production-admin.sh as deploy@3.19.255.157
 DEBUG [112bfc77] Command: /usr/bin/env chmod 700 /tmp/git-ssh-rails_deploy-production-admin.sh
 DEBUG [112bfc77] 	/etc/profile.d/lang.sh: line 19: warning: setlocale: LC_CTYPE: cannot change locale (UTF-8): No such file or directory
  INFO [112bfc77] Finished in 1.253 seconds with exit status 0 (successful).
  INFO [0ec9cc47] Running /usr/bin/env git ls-remote https://github.com/vaidehiramadugu/rails_deploy-project.git HEAD as deploy@3.19.255.157
 DEBUG [0ec9cc47] Command: ( export GIT_ASKPASS="/bin/echo" GIT_SSH="/tmp/git-ssh-rails_deploy-production-admin.sh" ; /usr/bin/env git ls-remote https://github.com/vaidehiramadugu/rails_deploy-project.git HEAD )
 DEBUG [0ec9cc47] 	/etc/profile.d/lang.sh: line 19: warning: setlocale: LC_CTYPE: cannot change locale (UTF-8): No such file or directory
 DEBUG [0ec9cc47] 	032bd71d30a8b9708f5dd43e287b0a82630963b8	HEAD
  INFO [0ec9cc47] Finished in 1.050 seconds with exit status 0 (successful).
  INFO [eeb7d299] Running /usr/bin/env mkdir -p /u01/apps/qwinix/rails_deploy/shared /u01/apps/qwinix/rails_deploy/releases as deploy@3.19.255.157
 DEBUG [eeb7d299] Command: /usr/bin/env mkdir -p /u01/apps/qwinix/rails_deploy/shared /u01/apps/qwinix/rails_deploy/releases
 DEBUG [eeb7d299] 	/etc/profile.d/lang.sh: line 19: warning: setlocale: LC_CTYPE: cannot change locale (UTF-8): No such file or directory
  INFO [eeb7d299] Finished in 0.932 seconds with exit status 0 (successful).
  INFO [12fea3a5] Running /usr/bin/env mkdir -p /u01/apps/qwinix/rails_deploy/shared/bin /u01/apps/qwinix/rails_deploy/shared/log /u01/apps/qwinix/rails_deploy/shared/tmp/pids /u01/apps/qwinix/rails_deploy/shared/tmp/cache /u01/apps/qwinix/rails_deploy/shared/tmp/sockets /u01/apps/qwinix/rails_deploy/shared/vendor/bundle /u01/apps/qwinix/rails_deploy/shared/public/system /u01/apps/qwinix/rails_deploy/shared/public/uploads as deploy@3.19.255.157
 DEBUG [12fea3a5] Command: /usr/bin/env mkdir -p /u01/apps/qwinix/rails_deploy/shared/bin /u01/apps/qwinix/rails_deploy/shared/log /u01/apps/qwinix/rails_deploy/shared/tmp/pids /u01/apps/qwinix/rails_deploy/shared/tmp/cache /u01/apps/qwinix/rails_deploy/shared/tmp/sockets /u01/apps/qwinix/rails_deploy/shared/vendor/bundle /u01/apps/qwinix/rails_deploy/shared/public/system /u01/apps/qwinix/rails_deploy/shared/public/uploads
 DEBUG [12fea3a5] 	/etc/profile.d/lang.sh: line 19: warning: setlocale: LC_CTYPE: cannot change locale (UTF-8): No such file or directory
  INFO [12fea3a5] Finished in 0.937 seconds with exit status 0 (successful).
  INFO [9e78059e] Running /usr/bin/env mkdir -p /u01/apps/qwinix/rails_deploy/shared/config as deploy@3.19.255.157
 DEBUG [9e78059e] Command: /usr/bin/env mkdir -p /u01/apps/qwinix/rails_deploy/shared/config
 DEBUG [9e78059e] 	/etc/profile.d/lang.sh: line 19: warning: setlocale: LC_CTYPE: cannot change locale (UTF-8): No such file or directory
  INFO [9e78059e] Finished in 0.881 seconds with exit status 0 (successful).
 DEBUG [035b1759] Running [ -f /u01/apps/qwinix/rails_deploy/shared/config/database.yml ] as deploy@3.19.255.157
 DEBUG [035b1759] Command: [ -f /u01/apps/qwinix/rails_deploy/shared/config/database.yml ]
 DEBUG [035b1759] 	/etc/profile.d/lang.sh: line 19: warning: setlocale: LC_CTYPE: cannot change locale (UTF-8): No such file or directory
 DEBUG [035b1759] Finished in 0.892 seconds with exit status 1 (failed).
 ERROR linked file /u01/apps/qwinix/rails_deploy/shared/config/database.yml does not exist on 3.19.255.157
  INFO ---------------------------------------------------------------------------
  INFO START 2020-02-04 12:01:58 +0530 cap production deploy
  INFO ---------------------------------------------------------------------------
  INFO [c7e307de] Running /usr/bin/env mkdir -p /tmp as deploy@3.19.255.157
 DEBUG [c7e307de] Command: /usr/bin/env mkdir -p /tmp
 DEBUG [c7e307de] 	/etc/profile.d/lang.sh: line 19: warning: setlocale: LC_CTYPE: cannot change locale (UTF-8): No such file or directory
  INFO [c7e307de] Finished in 4.450 seconds with exit status 0 (successful).
 DEBUG Uploading /tmp/git-ssh-rails_deploy-production-admin.sh 0.0%
  INFO Uploading /tmp/git-ssh-rails_deploy-production-admin.sh 100.0%
  INFO [e415c609] Running /usr/bin/env chmod 700 /tmp/git-ssh-rails_deploy-production-admin.sh as deploy@3.19.255.157
 DEBUG [e415c609] Command: /usr/bin/env chmod 700 /tmp/git-ssh-rails_deploy-production-admin.sh
 DEBUG [e415c609] 	/etc/profile.d/lang.sh: line 19: warning: setlocale: LC_CTYPE: cannot change locale (UTF-8): No such file or directory
  INFO [e415c609] Finished in 0.991 seconds with exit status 0 (successful).
  INFO [25e40c25] Running /usr/bin/env git ls-remote https://github.com/vaidehiramadugu/rails_deploy-project.git HEAD as deploy@3.19.255.157
 DEBUG [25e40c25] Command: ( export GIT_ASKPASS="/bin/echo" GIT_SSH="/tmp/git-ssh-rails_deploy-production-admin.sh" ; /usr/bin/env git ls-remote https://github.com/vaidehiramadugu/rails_deploy-project.git HEAD )
 DEBUG [25e40c25] 	/etc/profile.d/lang.sh: line 19: warning: setlocale: LC_CTYPE: cannot change locale (UTF-8): No such file or directory
 DEBUG [25e40c25] 	a56a5067c65a528c0df421da837059724b85a826	HEAD
  INFO [25e40c25] Finished in 1.078 seconds with exit status 0 (successful).
  INFO [9828da35] Running /usr/bin/env mkdir -p /u01/apps/qwinix/rails_deploy/shared /u01/apps/qwinix/rails_deploy/releases as deploy@3.19.255.157
 DEBUG [9828da35] Command: /usr/bin/env mkdir -p /u01/apps/qwinix/rails_deploy/shared /u01/apps/qwinix/rails_deploy/releases
 DEBUG [9828da35] 	/etc/profile.d/lang.sh: line 19: warning: setlocale: LC_CTYPE: cannot change locale (UTF-8): No such file or directory
  INFO [9828da35] Finished in 1.006 seconds with exit status 0 (successful).
  INFO [e278fb5f] Running /usr/bin/env mkdir -p /u01/apps/qwinix/rails_deploy/shared/bin /u01/apps/qwinix/rails_deploy/shared/log /u01/apps/qwinix/rails_deploy/shared/tmp/pids /u01/apps/qwinix/rails_deploy/shared/tmp/cache /u01/apps/qwinix/rails_deploy/shared/tmp/sockets /u01/apps/qwinix/rails_deploy/shared/vendor/bundle /u01/apps/qwinix/rails_deploy/shared/public/system /u01/apps/qwinix/rails_deploy/shared/public/uploads as deploy@3.19.255.157
 DEBUG [e278fb5f] Command: /usr/bin/env mkdir -p /u01/apps/qwinix/rails_deploy/shared/bin /u01/apps/qwinix/rails_deploy/shared/log /u01/apps/qwinix/rails_deploy/shared/tmp/pids /u01/apps/qwinix/rails_deploy/shared/tmp/cache /u01/apps/qwinix/rails_deploy/shared/tmp/sockets /u01/apps/qwinix/rails_deploy/shared/vendor/bundle /u01/apps/qwinix/rails_deploy/shared/public/system /u01/apps/qwinix/rails_deploy/shared/public/uploads
 DEBUG [e278fb5f] 	/etc/profile.d/lang.sh: line 19: warning: setlocale: LC_CTYPE: cannot change locale (UTF-8): No such file or directory
  INFO [e278fb5f] Finished in 1.378 seconds with exit status 0 (successful).
  INFO [2b4eef45] Running /usr/bin/env mkdir -p /u01/apps/qwinix/rails_deploy/shared/config as deploy@3.19.255.157
 DEBUG [2b4eef45] Command: /usr/bin/env mkdir -p /u01/apps/qwinix/rails_deploy/shared/config
 DEBUG [2b4eef45] 	/etc/profile.d/lang.sh: line 19: warning: setlocale: LC_CTYPE: cannot change locale (UTF-8): No such file or directory
  INFO [2b4eef45] Finished in 1.306 seconds with exit status 0 (successful).
 DEBUG [747ae03b] Running [ -f /u01/apps/qwinix/rails_deploy/shared/config/database.yml ] as deploy@3.19.255.157
 DEBUG [747ae03b] Command: [ -f /u01/apps/qwinix/rails_deploy/shared/config/database.yml ]
 DEBUG [747ae03b] 	/etc/profile.d/lang.sh: line 19: warning: setlocale: LC_CTYPE: cannot change locale (UTF-8): No such file or directory
 DEBUG [747ae03b] Finished in 0.968 seconds with exit status 1 (failed).
 ERROR linked file /u01/apps/qwinix/rails_deploy/shared/config/database.yml does not exist on 3.19.255.157
  INFO ---------------------------------------------------------------------------
  INFO START 2020-02-04 12:03:51 +0530 cap production deploy
  INFO ---------------------------------------------------------------------------
  INFO [337a0d55] Running /usr/bin/env mkdir -p /tmp as deploy@3.19.255.157
 DEBUG [337a0d55] Command: /usr/bin/env mkdir -p /tmp
 DEBUG [337a0d55] 	/etc/profile.d/lang.sh: line 19: warning: setlocale: LC_CTYPE: cannot change locale (UTF-8): No such file or directory
  INFO [337a0d55] Finished in 3.754 seconds with exit status 0 (successful).
 DEBUG Uploading /tmp/git-ssh-rails_deploy-production-admin.sh 0.0%
  INFO Uploading /tmp/git-ssh-rails_deploy-production-admin.sh 100.0%
  INFO [2416c0aa] Running /usr/bin/env chmod 700 /tmp/git-ssh-rails_deploy-production-admin.sh as deploy@3.19.255.157
 DEBUG [2416c0aa] Command: /usr/bin/env chmod 700 /tmp/git-ssh-rails_deploy-production-admin.sh
 DEBUG [2416c0aa] 	/etc/profile.d/lang.sh: line 19: warning: setlocale: LC_CTYPE: cannot change locale (UTF-8): No such file or directory
  INFO [2416c0aa] Finished in 0.894 seconds with exit status 0 (successful).
  INFO [e07e07e5] Running /usr/bin/env git ls-remote https://github.com/vaidehiramadugu/rails_deploy-project.git HEAD as deploy@3.19.255.157
 DEBUG [e07e07e5] Command: ( export GIT_ASKPASS="/bin/echo" GIT_SSH="/tmp/git-ssh-rails_deploy-production-admin.sh" ; /usr/bin/env git ls-remote https://github.com/vaidehiramadugu/rails_deploy-project.git HEAD )
 DEBUG [e07e07e5] 	/etc/profile.d/lang.sh: line 19: warning: setlocale: LC_CTYPE: cannot change locale (UTF-8): No such file or directory
 DEBUG [e07e07e5] 	a56a5067c65a528c0df421da837059724b85a826	HEAD
  INFO [e07e07e5] Finished in 0.994 seconds with exit status 0 (successful).
  INFO [52f860c1] Running /usr/bin/env mkdir -p /u01/apps/qwinix/rails_deploy/shared /u01/apps/qwinix/rails_deploy/releases as deploy@3.19.255.157
 DEBUG [52f860c1] Command: /usr/bin/env mkdir -p /u01/apps/qwinix/rails_deploy/shared /u01/apps/qwinix/rails_deploy/releases
 DEBUG [52f860c1] 	/etc/profile.d/lang.sh: line 19: warning: setlocale: LC_CTYPE: cannot change locale (UTF-8): No such file or directory
  INFO [52f860c1] Finished in 0.940 seconds with exit status 0 (successful).
  INFO [baff7597] Running /usr/bin/env mkdir -p /u01/apps/qwinix/rails_deploy/shared/bin /u01/apps/qwinix/rails_deploy/shared/log /u01/apps/qwinix/rails_deploy/shared/tmp/pids /u01/apps/qwinix/rails_deploy/shared/tmp/cache /u01/apps/qwinix/rails_deploy/shared/tmp/sockets /u01/apps/qwinix/rails_deploy/shared/vendor/bundle /u01/apps/qwinix/rails_deploy/shared/public/system /u01/apps/qwinix/rails_deploy/shared/public/uploads as deploy@3.19.255.157
 DEBUG [baff7597] Command: /usr/bin/env mkdir -p /u01/apps/qwinix/rails_deploy/shared/bin /u01/apps/qwinix/rails_deploy/shared/log /u01/apps/qwinix/rails_deploy/shared/tmp/pids /u01/apps/qwinix/rails_deploy/shared/tmp/cache /u01/apps/qwinix/rails_deploy/shared/tmp/sockets /u01/apps/qwinix/rails_deploy/shared/vendor/bundle /u01/apps/qwinix/rails_deploy/shared/public/system /u01/apps/qwinix/rails_deploy/shared/public/uploads
 DEBUG [baff7597] 	/etc/profile.d/lang.sh: line 19: warning: setlocale: LC_CTYPE: cannot change locale (UTF-8): No such file or directory
  INFO [baff7597] Finished in 0.867 seconds with exit status 0 (successful).
  INFO [68de6940] Running /usr/bin/env mkdir -p /u01/apps/qwinix/rails_deploy/shared/config as deploy@3.19.255.157
 DEBUG [68de6940] Command: /usr/bin/env mkdir -p /u01/apps/qwinix/rails_deploy/shared/config
 DEBUG [68de6940] 	/etc/profile.d/lang.sh: line 19: warning: setlocale: LC_CTYPE: cannot change locale (UTF-8): No such file or directory
  INFO [68de6940] Finished in 0.956 seconds with exit status 0 (successful).
 DEBUG [d8fcb3f9] Running [ -f /u01/apps/qwinix/rails_deploy/shared/config/database.yml ] as deploy@3.19.255.157
 DEBUG [d8fcb3f9] Command: [ -f /u01/apps/qwinix/rails_deploy/shared/config/database.yml ]
 DEBUG [d8fcb3f9] 	/etc/profile.d/lang.sh: line 19: warning: setlocale: LC_CTYPE: cannot change locale (UTF-8): No such file or directory
 DEBUG [d8fcb3f9] Finished in 0.938 seconds with exit status 0 (successful).
 DEBUG [b9a61a53] Running [ -f /u01/apps/qwinix/rails_deploy/shared/config/application.yml ] as deploy@3.19.255.157
 DEBUG [b9a61a53] Command: [ -f /u01/apps/qwinix/rails_deploy/shared/config/application.yml ]
 DEBUG [b9a61a53] 	/etc/profile.d/lang.sh: line 19: warning: setlocale: LC_CTYPE: cannot change locale (UTF-8): No such file or directory
 DEBUG [b9a61a53] Finished in 0.940 seconds with exit status 1 (failed).
 ERROR linked file /u01/apps/qwinix/rails_deploy/shared/config/application.yml does not exist on 3.19.255.157
  INFO ---------------------------------------------------------------------------
  INFO START 2020-02-04 12:04:19 +0530 cap production deploy
  INFO ---------------------------------------------------------------------------
  INFO [f850cd58] Running /usr/bin/env mkdir -p /tmp as deploy@3.19.255.157
 DEBUG [f850cd58] Command: /usr/bin/env mkdir -p /tmp
 DEBUG [f850cd58] 	/etc/profile.d/lang.sh: line 19: warning: setlocale: LC_CTYPE: cannot change locale (UTF-8): No such file or directory
  INFO [f850cd58] Finished in 3.287 seconds with exit status 0 (successful).
 DEBUG Uploading /tmp/git-ssh-rails_deploy-production-admin.sh 0.0%
  INFO Uploading /tmp/git-ssh-rails_deploy-production-admin.sh 100.0%
  INFO [3893eded] Running /usr/bin/env chmod 700 /tmp/git-ssh-rails_deploy-production-admin.sh as deploy@3.19.255.157
 DEBUG [3893eded] Command: /usr/bin/env chmod 700 /tmp/git-ssh-rails_deploy-production-admin.sh
 DEBUG [3893eded] 	/etc/profile.d/lang.sh: line 19: warning: setlocale: LC_CTYPE: cannot change locale (UTF-8): No such file or directory
  INFO [3893eded] Finished in 0.838 seconds with exit status 0 (successful).
  INFO [b82c27ef] Running /usr/bin/env git ls-remote https://github.com/vaidehiramadugu/rails_deploy-project.git HEAD as deploy@3.19.255.157
 DEBUG [b82c27ef] Command: ( export GIT_ASKPASS="/bin/echo" GIT_SSH="/tmp/git-ssh-rails_deploy-production-admin.sh" ; /usr/bin/env git ls-remote https://github.com/vaidehiramadugu/rails_deploy-project.git HEAD )
 DEBUG [b82c27ef] 	/etc/profile.d/lang.sh: line 19: warning: setlocale: LC_CTYPE: cannot change locale (UTF-8): No such file or directory
 DEBUG [b82c27ef] 	a56a5067c65a528c0df421da837059724b85a826	HEAD
  INFO [b82c27ef] Finished in 0.961 seconds with exit status 0 (successful).
  INFO [c8898881] Running /usr/bin/env mkdir -p /u01/apps/qwinix/rails_deploy/shared /u01/apps/qwinix/rails_deploy/releases as deploy@3.19.255.157
 DEBUG [c8898881] Command: /usr/bin/env mkdir -p /u01/apps/qwinix/rails_deploy/shared /u01/apps/qwinix/rails_deploy/releases
 DEBUG [c8898881] 	/etc/profile.d/lang.sh: line 19: warning: setlocale: LC_CTYPE: cannot change locale (UTF-8): No such file or directory
  INFO [c8898881] Finished in 0.916 seconds with exit status 0 (successful).
  INFO [4e237558] Running /usr/bin/env mkdir -p /u01/apps/qwinix/rails_deploy/shared/bin /u01/apps/qwinix/rails_deploy/shared/log /u01/apps/qwinix/rails_deploy/shared/tmp/pids /u01/apps/qwinix/rails_deploy/shared/tmp/cache /u01/apps/qwinix/rails_deploy/shared/tmp/sockets /u01/apps/qwinix/rails_deploy/shared/vendor/bundle /u01/apps/qwinix/rails_deploy/shared/public/system /u01/apps/qwinix/rails_deploy/shared/public/uploads as deploy@3.19.255.157
 DEBUG [4e237558] Command: /usr/bin/env mkdir -p /u01/apps/qwinix/rails_deploy/shared/bin /u01/apps/qwinix/rails_deploy/shared/log /u01/apps/qwinix/rails_deploy/shared/tmp/pids /u01/apps/qwinix/rails_deploy/shared/tmp/cache /u01/apps/qwinix/rails_deploy/shared/tmp/sockets /u01/apps/qwinix/rails_deploy/shared/vendor/bundle /u01/apps/qwinix/rails_deploy/shared/public/system /u01/apps/qwinix/rails_deploy/shared/public/uploads
 DEBUG [4e237558] 	/etc/profile.d/lang.sh: line 19: warning: setlocale: LC_CTYPE: cannot change locale (UTF-8): No such file or directory
  INFO [4e237558] Finished in 0.937 seconds with exit status 0 (successful).
  INFO [2d59dfb8] Running /usr/bin/env mkdir -p /u01/apps/qwinix/rails_deploy/shared/config as deploy@3.19.255.157
 DEBUG [2d59dfb8] Command: /usr/bin/env mkdir -p /u01/apps/qwinix/rails_deploy/shared/config
 DEBUG [2d59dfb8] 	/etc/profile.d/lang.sh: line 19: warning: setlocale: LC_CTYPE: cannot change locale (UTF-8): No such file or directory
  INFO [2d59dfb8] Finished in 0.832 seconds with exit status 0 (successful).
 DEBUG [d7f1b0f5] Running [ -f /u01/apps/qwinix/rails_deploy/shared/config/database.yml ] as deploy@3.19.255.157
 DEBUG [d7f1b0f5] Command: [ -f /u01/apps/qwinix/rails_deploy/shared/config/database.yml ]
 DEBUG [d7f1b0f5] 	/etc/profile.d/lang.sh: line 19: warning: setlocale: LC_CTYPE: cannot change locale (UTF-8): No such file or directory
 DEBUG [d7f1b0f5] Finished in 0.940 seconds with exit status 0 (successful).
 DEBUG [2984a513] Running [ -f /u01/apps/qwinix/rails_deploy/shared/config/application.yml ] as deploy@3.19.255.157
 DEBUG [2984a513] Command: [ -f /u01/apps/qwinix/rails_deploy/shared/config/application.yml ]
 DEBUG [2984a513] 	/etc/profile.d/lang.sh: line 19: warning: setlocale: LC_CTYPE: cannot change locale (UTF-8): No such file or directory
 DEBUG [2984a513] Finished in 0.940 seconds with exit status 0 (successful).
 DEBUG [80056521] Running [ -f /u01/apps/qwinix/rails_deploy/current/REVISION ] as deploy@3.19.255.157
 DEBUG [80056521] Command: [ -f /u01/apps/qwinix/rails_deploy/current/REVISION ]
 DEBUG [80056521] 	/etc/profile.d/lang.sh: line 19: warning: setlocale: LC_CTYPE: cannot change locale (UTF-8): No such file or directory
 DEBUG [80056521] Finished in 0.775 seconds with exit status 1 (failed).
 DEBUG [9c960a01] Running [ -f /u01/apps/qwinix/rails_deploy/repo/HEAD ] as deploy@3.19.255.157
 DEBUG [9c960a01] Command: [ -f /u01/apps/qwinix/rails_deploy/repo/HEAD ]
 DEBUG [9c960a01] 	/etc/profile.d/lang.sh: line 19: warning: setlocale: LC_CTYPE: cannot change locale (UTF-8): No such file or directory
 DEBUG [9c960a01] Finished in 0.892 seconds with exit status 1 (failed).
 DEBUG [350b7188] Running if test ! -d /u01/apps/qwinix/rails_deploy; then echo "Directory does not exist '/u01/apps/qwinix/rails_deploy'" 1>&2; false; fi as deploy@3.19.255.157
 DEBUG [350b7188] Command: if test ! -d /u01/apps/qwinix/rails_deploy; then echo "Directory does not exist '/u01/apps/qwinix/rails_deploy'" 1>&2; false; fi
 DEBUG [350b7188] 	/etc/profile.d/lang.sh: line 19: warning: setlocale: LC_CTYPE: cannot change locale (UTF-8): No such file or directory
 DEBUG [350b7188] Finished in 0.883 seconds with exit status 0 (successful).
  INFO [9f5a0223] Running /usr/bin/env git clone --mirror https://github.com/vaidehiramadugu/rails_deploy-project.git /u01/apps/qwinix/rails_deploy/repo as deploy@3.19.255.157
 DEBUG [9f5a0223] Command: cd /u01/apps/qwinix/rails_deploy && ( export GIT_ASKPASS="/bin/echo" GIT_SSH="/tmp/git-ssh-rails_deploy-production-admin.sh" ; /usr/bin/env git clone --mirror https://github.com/vaidehiramadugu/rails_deploy-project.git /u01/apps/qwinix/rails_deploy/repo )
 DEBUG [9f5a0223] 	/etc/profile.d/lang.sh: line 19: warning: setlocale: LC_CTYPE: cannot change locale (UTF-8): No such file or directory
 DEBUG [9f5a0223] 	Cloning into bare repository '/u01/apps/qwinix/rails_deploy/repo'...
 DEBUG [9f5a0223] 	remote: Enumerating objects: 10833, done.[K
 DEBUG [9f5a0223] 	remote: Counting objects:   0% (1/10833)[K
 DEBUG [9f5a0223] 	remote: Counting objects:   1% (109/10833)[K
 DEBUG [9f5a0223] 	remote: Counting objects:   2% (217/10833)[K
 DEBUG [9f5a0223] 	remote: Counting objects:   3% (325/10833)[K
 DEBUG [9f5a0223] 	remote: Counting objects:   4% (434/10833)[K
 DEBUG [9f5a0223] 	remote: Counting objects:   5% (542/10833)[K
 DEBUG [9f5a0223] 	remote: Counting objects:   6% (650/10833)[K
 DEBUG [9f5a0223] 	remote: Counting objects:   7% (759/10833)[K
 DEBUG [9f5a0223] 	remote: Counting objects:   8% (867/10833)[K
 DEBUG [9f5a0223] 	remote: Counting objects:   9% (975/10833)[K
 DEBUG [9f5a0223] 	remote: Counting objects:  10% (1084/10833)[K
 DEBUG [9f5a0223] 	remote: Counting objects:  11% (1192/10833)[K
 DEBUG [9f5a0223] 	remote: Counting objects:  12% (1300/10833)[K
 DEBUG [9f5a0223] 	remote: Counting objects:  13% (1409/10833)[K
 DEBUG [9f5a0223] 	remote: Counting objects:  14% (1517/10833)[K
 DEBUG [9f5a0223] 	remote: Counting objects:  15% (1625/10833)[K
 DEBUG [9f5a0223] 	remote: Counting objects:  16% (1734/10833)[K
 DEBUG [9f5a0223] 	remote: Counting objects:  17% (1842/10833)[K
 DEBUG [9f5a0223] 	remote: Counting objects:  18% (1950/10833)[K
 DEBUG [9f5a0223] 	remote: Counting objects:  19% (2059/10833)[K
 DEBUG [9f5a0223] 	remote: Counting objects:  20% (2167/10833)[K
 DEBUG [9f5a0223] 	remote: Counting objects:  21% (2275/10833)[K
 DEBUG [9f5a0223] 	remote: Counting objects:  22% (2384/10833)[K
 DEBUG [9f5a0223] 	remote: Counting objects:  23% (2492/10833)[K
 DEBUG [9f5a0223] 	remote: Counting objects:  24% (2600/10833)[K
 DEBUG [9f5a0223] 	remote: Counting objects:  25% (2709/10833)[K
 DEBUG [9f5a0223] 	remote: Counting objects:  26% (2817/10833)[K
 DEBUG [9f5a0223] 	remote: Counting objects:  27% (2925/10833)[K
 DEBUG [9f5a0223] 	remote: Counting objects:  28% (3034/10833)[K
 DEBUG [9f5a0223] 	remote: Counting objects:  29% (3142/10833)[K
 DEBUG [9f5a0223] 	remote: Counting objects:  30% (3250/10833)[K
 DEBUG [9f5a0223] 	remote: Counting objects:  31% (3359/10833)[K
 DEBUG [9f5a0223] 	remote: Counting objects:  32% (3467/10833)[K
 DEBUG [9f5a0223] 	remote: Counting objects:  33% (3575/10833)[K
 DEBUG [9f5a0223] 	remote: Counting objects:  34% (3684/10833)[K
 DEBUG [9f5a0223] 	remote: Counting objects:  35% (3792/10833)[K
 DEBUG [9f5a0223] 	remote: Counting objects:  36% (3900/10833)[K
 DEBUG [9f5a0223] 	remote: Counting objects:  37% (4009/10833)[K
 DEBUG [9f5a0223] 	remote: Counting objects:  38% (4117/10833)[K
 DEBUG [9f5a0223] 	remote: Counting objects:  39% (4225/10833)[K
 DEBUG [9f5a0223] 	remote: Counting objects:  40% (4334/10833)[K
 DEBUG [9f5a0223] 	remote: Counting objects:  41% (4442/10833)[K
 DEBUG [9f5a0223] 	remote: Counting objects:  42% (4550/10833)[K
 DEBUG [9f5a0223] 	remote: Counting objects:  43% (4659/10833)[K
 DEBUG [9f5a0223] 	remote: Counting objects:  44% (4767/10833)[K
 DEBUG [9f5a0223] 	remote: Counting objects:  45% (4875/10833)[K
 DEBUG [9f5a0223] 	remote: Counting objects:  46% (4984/10833)[K
 DEBUG [9f5a0223] 	remote: Counting objects:  47% (5092/10833)[K
 DEBUG [9f5a0223] 	remote: Counting objects:  48% (5200/10833)[K
 DEBUG [9f5a0223] 	remote: Counting objects:  49% (5309/10833)[K
 DEBUG [9f5a0223] 	remote: Counting objects:  50% (5417/10833)[K
 DEBUG [9f5a0223] 	remote: Counting objects:  51% (5525/10833)[K
 DEBUG [9f5a0223] 	remote: Counting objects:  52% (5634/10833)[K
 DEBUG [9f5a0223] 	remote: Counting objects:  53% (5742/10833)[K
 DEBUG [9f5a0223] 	remote: Counting objects:  54% (5850/10833)[K
 DEBUG [9f5a0223] 	remote: Counting objects:  55% (5959/10833)[K
 DEBUG [9f5a0223] 	remote: Counting objects:  56% (6067/10833)[K
 DEBUG [9f5a0223] 	remote: Counting objects:  57% (6175/10833)[K
 DEBUG [9f5a0223] 	remote: Counting objects:  58% (6284/10833)[K
 DEBUG [9f5a0223] 	remote: Counting objects:  59% (6392/10833)[K
 DEBUG [9f5a0223] 	remote: Counting objects:  60% (6500/10833)[K
 DEBUG [9f5a0223] 	remote: Counting objects:  61% (6609/10833)[K
 DEBUG [9f5a0223] 	remote: Counting objects:  62% (6717/10833)[K
 DEBUG [9f5a0223] 	remote: Counting objects:  63% (6825/10833)[K
 DEBUG [9f5a0223] 	remote: Counting objects:  64% (6934/10833)[K
 DEBUG [9f5a0223] 	remote: Counting objects:  65% (7042/10833)[K
 DEBUG [9f5a0223] 	remote: Counting objects:  66% (7150/10833)[K
 DEBUG [9f5a0223] 	remote: Counting objects:  67% (7259/10833)[K
 DEBUG [9f5a0223] 	remote: Counting objects:  68% (7367/10833)[K
 DEBUG [9f5a0223] 	remote: Counting objects:  69% (7475/10833)[K
 DEBUG [9f5a0223] 	remote: Counting objects:  70% (7584/10833)[K
 DEBUG [9f5a0223] 	remote: Counting objects:  71% (7692/10833)[K
 DEBUG [9f5a0223] 	remote: Counting objects:  72% (7800/10833)[K
 DEBUG [9f5a0223] 	remote: Counting objects:  73% (7909/10833)[K
 DEBUG [9f5a0223] 	remote: Counting objects:  74% (8017/10833)[K
 DEBUG [9f5a0223] 	remote: Counting objects:  75% (8125/10833)[K
 DEBUG [9f5a0223] 	remote: Counting objects:  76% (8234/10833)[K
 DEBUG [9f5a0223] 	remote: Counting objects:  77% (8342/10833)[K
 DEBUG [9f5a0223] 	remote: Counting objects:  78% (8450/10833)[K
 DEBUG [9f5a0223] 	remote: Counting objects:  79% (8559/10833)[K
 DEBUG [9f5a0223] 	remote: Counting objects:  80% (8667/10833)[K
 DEBUG [9f5a0223] 	remote: Counting objects:  81% (8775/10833)[K
 DEBUG [9f5a0223] 	remote: Counting objects:  82% (8884/10833)[K
 DEBUG [9f5a0223] 	remote: Counting objects:  83% (8992/10833)[K
 DEBUG [9f5a0223] 	remote: Counting objects:  84% (9100/10833)[K
 DEBUG [9f5a0223] 	remote: Counting objects:  85% (9209/10833)[K
 DEBUG [9f5a0223] 	remote: Counting objects:  86% (9317/10833)[K
 DEBUG [9f5a0223] 	remote: Counting objects:  87% (9425/10833)[K
 DEBUG [9f5a0223] 	remote: Counting objects:  88% (9534/10833)[K
 DEBUG [9f5a0223] 	remote: Counting objects:  89% (9642/10833)[K
 DEBUG [9f5a0223] 	remote: Counting objects:  90% (9750/10833)[K
 DEBUG [9f5a0223] 	remote: Counting objects:  91% (9859/10833)[K
 DEBUG [9f5a0223] 	remote: Counting objects:  92% (9967/10833)[K
 DEBUG [9f5a0223] 	remote: Counting objects:  93% (10075/10833)[K
 DEBUG [9f5a0223] 	remote: Counting objects:  94% (10184/10833)[K
 DEBUG [9f5a0223] 	remote: Counting objects:  95% (10292/10833)[K
 DEBUG [9f5a0223] 	remote: Counting objects:  96% (10400/10833)[K
 DEBUG [9f5a0223] 	remote: Counting objects:  97% (10509/10833)[K
 DEBUG [9f5a0223] 	remote: Counting objects:  98% (10617/10833)[K
 DEBUG [9f5a0223] 	remote: Counting objects:  99% (10725/10833)[K
 DEBUG [9f5a0223] 	remote: Counting objects: 100% (10833/10833)[K
 DEBUG [9f5a0223] 	remote: Counting objects: 100% (10833/10833), done.[K
 DEBUG [9f5a0223] 	remote: Compressing objects:   0% (1/7726)[K
 DEBUG [9f5a0223] 	remote: Compressing objects:   1% (78/7726)[K
 DEBUG [9f5a0223] 	remote: Compressing objects:   2% (155/7726)[K
 DEBUG [9f5a0223] 	remote: Compressing objects:   3% (232/7726)[K
 DEBUG [9f5a0223] 	remote: Compressing objects:   4% (310/7726)[K
 DEBUG [9f5a0223] 	remote: Compressing objects:   5% (387/7726)[K
 DEBUG [9f5a0223] 	remote: Compressing objects:   6% (464/7726)[K
 DEBUG [9f5a0223] 	remote: Compressing objects:   7% (541/7726)[K
 DEBUG [9f5a0223] 	remote: Compressing objects:   8% (619/7726)[K
 DEBUG [9f5a0223] 	remote: Compressing objects:   9% (696/7726)[K
 DEBUG [9f5a0223] 	remote: Compressing objects:  10% (773/7726)[K
 DEBUG [9f5a0223] 	remote: Compressing objects:  11% (850/7726)[K
 DEBUG [9f5a0223] 	remote: Compressing objects:  12% (928/7726)[K
 DEBUG [9f5a0223] 	remote: Compressing objects:  13% (1005/7726)[K
 DEBUG [9f5a0223] 	remote: Compressing objects:  14% (1082/7726)[K
 DEBUG [9f5a0223] 	remote: Compressing objects:  15% (1159/7726)[K
 DEBUG [9f5a0223] 	remote: Compressing objects:  16% (1237/7726)[K
 DEBUG [9f5a0223] 	remote: Compressing objects:  17% (1314/7726)[K
 DEBUG [9f5a0223] 	remote: Compressing objects:  18% (1391/7726)[K
 DEBUG [9f5a0223] 	remote: Compressing objects:  19% (1468/7726)[K
 DEBUG [9f5a0223] 	remote: Compressing objects:  20% (1546/7726)[K
 DEBUG [9f5a0223] 	remote: Compressing objects:  21% (1623/7726)[K
 DEBUG [9f5a0223] 	remote: Compressing objects:  22% (1700/7726)[K
 DEBUG [9f5a0223] 	remote: Compressing objects:  23% (1777/7726)[K
 DEBUG [9f5a0223] 	remote: Compressing objects:  24% (1855/7726)[K
 DEBUG [9f5a0223] 	remote: Compressing objects:  25% (1932/7726)[K
 DEBUG [9f5a0223] 	remote: Compressing objects:  26% (2009/7726)[K
 DEBUG [9f5a0223] 	remote: Compressing objects:  27% (2087/7726)[K
 DEBUG [9f5a0223] 	remote: Compressing objects:  28% (2164/7726)[K
 DEBUG [9f5a0223] 	remote: Compressing objects:  29% (2241/7726)[K
 DEBUG [9f5a0223] 	remote: Compressing objects:  30% (2318/7726)[K
 DEBUG [9f5a0223] 	remote: Compressing objects:  31% (2396/7726)[K
 DEBUG [9f5a0223] 	remote: Compressing objects:  32% (2473/7726)[K
 DEBUG [9f5a0223] 	remote: Compressing objects:  33% (2550/7726)[K
 DEBUG [9f5a0223] 	remote: Compressing objects:  34% (2627/7726)[K
 DEBUG [9f5a0223] 	remote: Compressing objects:  35% (2705/7726)[K
 DEBUG [9f5a0223] 	remote: Compressing objects:  36% (2782/7726)[K
 DEBUG [9f5a0223] 	remote: Compressing objects:  37% (2859/7726)[K
 DEBUG [9f5a0223] 	remote: Compressing objects:  38% (2936/7726)[K
 DEBUG [9f5a0223] 	remote: Compressing objects:  39% (3014/7726)[K
 DEBUG [9f5a0223] 	remote: Compressing objects:  40% (3091/7726)[K
 DEBUG [9f5a0223] 	remote: Compressing objects:  41% (3168/7726)[K
 DEBUG [9f5a0223] 	remote: Compressing objects:  42% (3245/7726)[K
 DEBUG [9f5a0223] 	remote: Compressing objects:  43% (3323/7726)[K
 DEBUG [9f5a0223] 	remote: Compressing objects:  44% (3400/7726)[K
 DEBUG [9f5a0223] 	remote: Compressing objects:  45% (3477/7726)[K
 DEBUG [9f5a0223] 	remote: Compressing objects:  46% (3554/7726)[K
 DEBUG [9f5a0223] 	remote: Compressing objects:  47% (3632/7726)[K
 DEBUG [9f5a0223] 	remote: Compressing objects:  48% (3709/7726)[K
 DEBUG [9f5a0223] 	remote: Compressing objects:  49% (3786/7726)[K
 DEBUG [9f5a0223] 	remote: Compressing objects:  50% (3863/7726)[K
 DEBUG [9f5a0223] 	remote: Compressing objects:  51% (3941/7726)[K
 DEBUG [9f5a0223] 	remote: Compressing objects:  52% (4018/7726)[K
 DEBUG [9f5a0223] 	remote: Compressing objects:  53% (4095/7726)[K
 DEBUG [9f5a0223] 	remote: Compressing objects:  54% (4173/7726)[K
 DEBUG [9f5a0223] 	remote: Compressing objects:  55% (4250/7726)[K
 DEBUG [9f5a0223] 	remote: Compressing objects:  56% (4327/7726)[K
 DEBUG [9f5a0223] 	remote: Compressing objects:  57% (4404/7726)[K
 DEBUG [9f5a0223] 	remote: Compressing objects:  58% (4482/7726)[K
 DEBUG [9f5a0223] 	remote: Compressing objects:  59% (4559/7726)[K
 DEBUG [9f5a0223] 	remote: Compressing objects:  60% (4636/7726)[K
 DEBUG [9f5a0223] 	remote: Compressing objects:  61% (4713/7726)[K
 DEBUG [9f5a0223] 	remote: Compressing objects:  62% (4791/7726)[K
 DEBUG [9f5a0223] 	remote: Compressing objects:  63% (4868/7726)[K
 DEBUG [9f5a0223] 	remote: Compressing objects:  64% (4945/7726)[K
 DEBUG [9f5a0223] 	remote: Compressing objects:  65% (5022/7726)[K
 DEBUG [9f5a0223] 	remote: Compressing objects:  66% (5100/7726)[K
 DEBUG [9f5a0223] 	remote: Compressing objects:  67% (5177/7726)[K
 DEBUG [9f5a0223] 	remote: Compressing objects:  68% (5254/7726)[K
 DEBUG [9f5a0223] 	remote: Compressing objects:  69% (5331/7726)[K
 DEBUG [9f5a0223] 	remote: Compressing objects:  70% (5409/7726)[K
 DEBUG [9f5a0223] 	remote: Compressing objects:  71% (5486/7726)[K
 DEBUG [9f5a0223] 	remote: Compressing objects:  72% (5563/7726)[K
 DEBUG [9f5a0223] 	remote: Compressing objects:  73% (5640/7726)[K
 DEBUG [9f5a0223] 	remote: Compressing objects:  74% (5718/7726)[K
 DEBUG [9f5a0223] 	remote: Compressing objects:  75% (5795/7726)[K
 DEBUG [9f5a0223] 	remote: Compressing objects:  76% (5872/7726)[K
 DEBUG [9f5a0223] 	remote: Compressing objects:  77% (5950/7726)[K
 DEBUG [9f5a0223] 	remote: Compressing objects:  78% (6027/7726)[K
 DEBUG [9f5a0223] 	remote: Compressing objects:  79% (6104/7726)[K
 DEBUG [9f5a0223] 	remote: Compressing objects:  80% (6181/7726)[K
 DEBUG [9f5a0223] 	remote: Compressing objects:  81% (6259/7726)[K
 DEBUG [9f5a0223] 	remote: Compressing objects:  82% (6336/7726)[K
 DEBUG [9f5a0223] 	remote: Compressing objects:  83% (6413/7726)[K
 DEBUG [9f5a0223] 	remote: Compressing objects:  84% (6490/7726)[K
 DEBUG [9f5a0223] 	remote: Compressing objects:  85% (6568/7726)[K
 DEBUG [9f5a0223] 	remote: Compressing objects:  86% (6645/7726)[K
 DEBUG [9f5a0223] 	remote: Compressing objects:  87% (6722/7726)[K
 DEBUG [9f5a0223] 	remote: Compressing objects:  88% (6799/7726)[K
 DEBUG [9f5a0223] 	remote: Compressing objects:  89% (6877/7726)[K
 DEBUG [9f5a0223] 	remote: Compressing objects:  90% (6954/7726)[K
 DEBUG [9f5a0223] 	remote: Compressing objects:  91% (7031/7726)[K
 DEBUG [9f5a0223] 	remote: Compressing objects:  92% (7108/7726)[K
 DEBUG [9f5a0223] 	remote: Compressing objects:  93% (7186/7726)[K
 DEBUG [9f5a0223] 	remote: Compressing objects:  94% (7263/7726)[K
 DEBUG [9f5a0223] 	remote: Compressing objects:  95% (7340/7726)[K
 DEBUG [9f5a0223] 	remote: Compressing objects:  96% (7417/7726)[K
 DEBUG [9f5a0223] 	remote: Compressing objects:  97% (7495/7726)[K
 DEBUG [9f5a0223] 	remote: Compressing objects:  98% (7572/7726)[K
 DEBUG [9f5a0223] 	remote: Compressing objects:  99% (7649/7726)[K
 DEBUG [9f5a0223] 	remote: Compressing objects: 100% (7726/7726)[Kremote: Compressing objects: 100% (7726/7726), done.[K
 DEBUG [9f5a0223] 	[K
 DEBUG [9f5a0223] 	Receiving objects:   0% (1/10833)
 DEBUG [9f5a0223] 	[K
 DEBUG [9f5a0223] 	Receiving objects:   1% (109/10833)
 DEBUG [9f5a0223] 	[K
 DEBUG [9f5a0223] 	Receiving objects:   2% (217/10833)
 DEBUG [9f5a0223] 	[K
 DEBUG [9f5a0223] 	Receiving objects:   3% (325/10833)
 DEBUG [9f5a0223] 	[K
 DEBUG [9f5a0223] 	Receiving objects:   4% (434/10833)
 DEBUG [9f5a0223] 	[K
 DEBUG [9f5a0223] 	Receiving objects:   5% (542/10833)
 DEBUG [9f5a0223] 	[K
 DEBUG [9f5a0223] 	Receiving objects:   6% (650/10833)
 DEBUG [9f5a0223] 	[K
 DEBUG [9f5a0223] 	Receiving objects:   7% (759/10833)
 DEBUG [9f5a0223] 	[K
 DEBUG [9f5a0223] 	Receiving objects:   8% (867/10833)
 DEBUG [9f5a0223] 	[K
 DEBUG [9f5a0223] 	Receiving objects:   9% (975/10833)
 DEBUG [9f5a0223] 	[K
 DEBUG [9f5a0223] 	Receiving objects:  10% (1084/10833)
 DEBUG [9f5a0223] 	[K
 DEBUG [9f5a0223] 	Receiving objects:  11% (1192/10833)
 DEBUG [9f5a0223] 	[K
 DEBUG [9f5a0223] 	Receiving objects:  12% (1300/10833)
 DEBUG [9f5a0223] 	[K
 DEBUG [9f5a0223] 	Receiving objects:  13% (1409/10833)
 DEBUG [9f5a0223] 	[K
 DEBUG [9f5a0223] 	Receiving objects:  14% (1517/10833)
 DEBUG [9f5a0223] 	[K
 DEBUG [9f5a0223] 	Receiving objects:  15% (1625/10833)
 DEBUG [9f5a0223] 	[K
 DEBUG [9f5a0223] 	Receiving objects:  16% (1734/10833)
 DEBUG [9f5a0223] 	[K
 DEBUG [9f5a0223] 	Receiving objects:  17% (1842/10833), 14.92 MiB | 29.83 MiB/s
 DEBUG [9f5a0223] 	[K
 DEBUG [9f5a0223] 	Receiving objects:  18% (1950/10833), 14.92 MiB | 29.83 MiB/s
 DEBUG [9f5a0223] 	[K
 DEBUG [9f5a0223] 	Receiving objects:  19% (2059/10833), 14.92 MiB | 29.83 MiB/s
 DEBUG [9f5a0223] 	[K
 DEBUG [9f5a0223] 	Receiving objects:  20% (2167/10833), 14.92 MiB | 29.83 MiB/s
 DEBUG [9f5a0223] 	[K
 DEBUG [9f5a0223] 	Receiving objects:  21% (2275/10833), 14.92 MiB | 29.83 MiB/s
 DEBUG [9f5a0223] 	[K
 DEBUG [9f5a0223] 	Receiving objects:  22% (2384/10833), 14.92 MiB | 29.83 MiB/s
 DEBUG [9f5a0223] 	[K
 DEBUG [9f5a0223] 	Receiving objects:  23% (2492/10833), 14.92 MiB | 29.83 MiB/s
 DEBUG [9f5a0223] 	[K
 DEBUG [9f5a0223] 	Receiving objects:  24% (2600/10833), 14.92 MiB | 29.83 MiB/s
 DEBUG [9f5a0223] 	[K
 DEBUG [9f5a0223] 	Receiving objects:  25% (2709/10833), 14.92 MiB | 29.83 MiB/s
 DEBUG [9f5a0223] 	[K
 DEBUG [9f5a0223] 	Receiving objects:  26% (2817/10833), 14.92 MiB | 29.83 MiB/s
 DEBUG [9f5a0223] 	[K
 DEBUG [9f5a0223] 	Receiving objects:  27% (2925/10833), 14.92 MiB | 29.83 MiB/s
 DEBUG [9f5a0223] 	[K
 DEBUG [9f5a0223] 	Receiving objects:  28% (3034/10833), 14.92 MiB | 29.83 MiB/s
 DEBUG [9f5a0223] 	[K
 DEBUG [9f5a0223] 	Receiving objects:  29% (3142/10833), 14.92 MiB | 29.83 MiB/s
 DEBUG [9f5a0223] 	[K
 DEBUG [9f5a0223] 	Receiving objects:  30% (3250/10833), 14.92 MiB | 29.83 MiB/s
 DEBUG [9f5a0223] 	[K
 DEBUG [9f5a0223] 	Receiving objects:  31% (3359/10833), 14.92 MiB | 29.83 MiB/s
 DEBUG [9f5a0223] 	[K
 DEBUG [9f5a0223] 	Receiving objects:  32% (3467/10833), 14.92 MiB | 29.83 MiB/s
 DEBUG [9f5a0223] 	[K
 DEBUG [9f5a0223] 	Receiving objects:  33% (3575/10833), 14.92 MiB | 29.83 MiB/s
 DEBUG [9f5a0223] 	[K
 DEBUG [9f5a0223] 	Receiving objects:  34% (3684/10833), 14.92 MiB | 29.83 MiB/s
 DEBUG [9f5a0223] 	[K
 DEBUG [9f5a0223] 	Receiving objects:  35% (3792/10833), 14.92 MiB | 29.83 MiB/s
 DEBUG [9f5a0223] 	[K
 DEBUG [9f5a0223] 	Receiving objects:  36% (3900/10833), 14.92 MiB | 29.83 MiB/s
 DEBUG [9f5a0223] 	[K
 DEBUG [9f5a0223] 	Receiving objects:  37% (4009/10833), 14.92 MiB | 29.83 MiB/s
 DEBUG [9f5a0223] 	[K
 DEBUG [9f5a0223] 	Receiving objects:  38% (4117/10833), 14.92 MiB | 29.83 MiB/s
 DEBUG [9f5a0223] 	[K
 DEBUG [9f5a0223] 	Receiving objects:  39% (4225/10833), 14.92 MiB | 29.83 MiB/s
 DEBUG [9f5a0223] 	[K
 DEBUG [9f5a0223] 	Receiving objects:  40% (4334/10833), 14.92 MiB | 29.83 MiB/s
 DEBUG [9f5a0223] 	[K
 DEBUG [9f5a0223] 	Receiving objects:  41% (4442/10833), 14.92 MiB | 29.83 MiB/s
 DEBUG [9f5a0223] 	[K
 DEBUG [9f5a0223] 	Receiving objects:  42% (4550/10833), 14.92 MiB | 29.83 MiB/s
 DEBUG [9f5a0223] 	[K
 DEBUG [9f5a0223] 	Receiving objects:  43% (4659/10833), 14.92 MiB | 29.83 MiB/s
 DEBUG [9f5a0223] 	[K
 DEBUG [9f5a0223] 	Receiving objects:  44% (4767/10833), 14.92 MiB | 29.83 MiB/s
 DEBUG [9f5a0223] 	[K
 DEBUG [9f5a0223] 	Receiving objects:  44% (4788/10833), 29.17 MiB | 29.17 MiB/s
 DEBUG [9f5a0223] 	[K
 DEBUG [9f5a0223] 	Receiving objects:  45% (4875/10833), 29.17 MiB | 29.17 MiB/s
 DEBUG [9f5a0223] 	[K
 DEBUG [9f5a0223] 	Receiving objects:  46% (4984/10833), 29.17 MiB | 29.17 MiB/s
 DEBUG [9f5a0223] 	[K
 DEBUG [9f5a0223] 	Receiving objects:  47% (5092/10833), 29.17 MiB | 29.17 MiB/s
 DEBUG [9f5a0223] 	[K
 DEBUG [9f5a0223] 	Receiving objects:  48% (5200/10833), 29.17 MiB | 29.17 MiB/s
 DEBUG [9f5a0223] 	[K
 DEBUG [9f5a0223] 	Receiving objects:  49% (5309/10833), 29.17 MiB | 29.17 MiB/s
 DEBUG [9f5a0223] 	[K
 DEBUG [9f5a0223] 	Receiving objects:  50% (5417/10833), 29.17 MiB | 29.17 MiB/s
 DEBUG [9f5a0223] 	[K
 DEBUG [9f5a0223] 	Receiving objects:  51% (5525/10833), 29.17 MiB | 29.17 MiB/s
 DEBUG [9f5a0223] 	[K
 DEBUG [9f5a0223] 	Receiving objects:  52% (5634/10833), 29.17 MiB | 29.17 MiB/s
 DEBUG [9f5a0223] 	[K
 DEBUG [9f5a0223] 	Receiving objects:  53% (5742/10833), 29.17 MiB | 29.17 MiB/s
 DEBUG [9f5a0223] 	[K
 DEBUG [9f5a0223] 	Receiving objects:  54% (5850/10833), 29.17 MiB | 29.17 MiB/s
 DEBUG [9f5a0223] 	[K
 DEBUG [9f5a0223] 	Receiving objects:  55% (5959/10833), 29.17 MiB | 29.17 MiB/s
 DEBUG [9f5a0223] 	[K
 DEBUG [9f5a0223] 	Receiving objects:  56% (6067/10833), 29.17 MiB | 29.17 MiB/s
 DEBUG [9f5a0223] 	[K
 DEBUG [9f5a0223] 	Receiving objects:  57% (6175/10833), 29.17 MiB | 29.17 MiB/s
 DEBUG [9f5a0223] 	[K
 DEBUG [9f5a0223] 	Receiving objects:  58% (6284/10833), 29.17 MiB | 29.17 MiB/s
 DEBUG [9f5a0223] 	[K
 DEBUG [9f5a0223] 	Receiving objects:  59% (6392/10833), 29.17 MiB | 29.17 MiB/s
 DEBUG [9f5a0223] 	[K
 DEBUG [9f5a0223] 	Receiving objects:  60% (6500/10833), 29.17 MiB | 29.17 MiB/s
 DEBUG [9f5a0223] 	[K
 DEBUG [9f5a0223] 	Receiving objects:  61% (6609/10833), 29.17 MiB | 29.17 MiB/s
 DEBUG [9f5a0223] 	[K
 DEBUG [9f5a0223] 	Receiving objects:  62% (6717/10833), 29.17 MiB | 29.17 MiB/s
 DEBUG [9f5a0223] 	[K
 DEBUG [9f5a0223] 	Receiving objects:  63% (6825/10833), 29.17 MiB | 29.17 MiB/s
 DEBUG [9f5a0223] 	[K
 DEBUG [9f5a0223] 	Receiving objects:  64% (6934/10833), 29.17 MiB | 29.17 MiB/s
 DEBUG [9f5a0223] 	[K
 DEBUG [9f5a0223] 	Receiving objects:  65% (7042/10833), 29.17 MiB | 29.17 MiB/s
 DEBUG [9f5a0223] 	[K
 DEBUG [9f5a0223] 	Receiving objects:  66% (7150/10833), 29.17 MiB | 29.17 MiB/s
 DEBUG [9f5a0223] 	[K
 DEBUG [9f5a0223] 	Receiving objects:  67% (7259/10833), 29.17 MiB | 29.17 MiB/s
 DEBUG [9f5a0223] 	[K
 DEBUG [9f5a0223] 	Receiving objects:  68% (7367/10833), 29.17 MiB | 29.17 MiB/s
 DEBUG [9f5a0223] 	[K
 DEBUG [9f5a0223] 	Receiving objects:  69% (7475/10833), 29.17 MiB | 29.17 MiB/s
 DEBUG [9f5a0223] 	[K
 DEBUG [9f5a0223] 	Receiving objects:  70% (7584/10833), 29.17 MiB | 29.17 MiB/s
 DEBUG [9f5a0223] 	[K
 DEBUG [9f5a0223] 	Receiving objects:  71% (7692/10833), 29.17 MiB | 29.17 MiB/s
 DEBUG [9f5a0223] 	[K
 DEBUG [9f5a0223] 	Receiving objects:  72% (7800/10833), 29.17 MiB | 29.17 MiB/s
 DEBUG [9f5a0223] 	[K
 DEBUG [9f5a0223] 	Receiving objects:  73% (7909/10833), 29.17 MiB | 29.17 MiB/s
 DEBUG [9f5a0223] 	[K
 DEBUG [9f5a0223] 	Receiving objects:  74% (8017/10833), 29.17 MiB | 29.17 MiB/s
 DEBUG [9f5a0223] 	[K
 DEBUG [9f5a0223] 	Receiving objects:  75% (8125/10833), 29.17 MiB | 29.17 MiB/s
 DEBUG [9f5a0223] 	[K
 DEBUG [9f5a0223] 	Receiving objects:  76% (8234/10833), 29.17 MiB | 29.17 MiB/s
 DEBUG [9f5a0223] 	[K
 DEBUG [9f5a0223] 	Receiving objects:  77% (8342/10833), 29.17 MiB | 29.17 MiB/s
 DEBUG [9f5a0223] 	[K
 DEBUG [9f5a0223] 	Receiving objects:  78% (8450/10833), 29.17 MiB | 29.17 MiB/s
 DEBUG [9f5a0223] 	[K
 DEBUG [9f5a0223] 	Receiving objects:  79% (8559/10833), 29.17 MiB | 29.17 MiB/s
 DEBUG [9f5a0223] 	[K
 DEBUG [9f5a0223] 	Receiving objects:  80% (8667/10833), 29.17 MiB | 29.17 MiB/s
 DEBUG [9f5a0223] 	[K
 DEBUG [9f5a0223] 	Receiving objects:  81% (8775/10833), 29.17 MiB | 29.17 MiB/s
 DEBUG [9f5a0223] 	[K
 DEBUG [9f5a0223] 	Receiving objects:  82% (8884/10833), 29.17 MiB | 29.17 MiB/s
 DEBUG [9f5a0223] 	[K
 DEBUG [9f5a0223] 	Receiving objects:  83% (8992/10833), 29.17 MiB | 29.17 MiB/s
 DEBUG [9f5a0223] 	[K
 DEBUG [9f5a0223] 	Receiving objects:  84% (9100/10833), 29.17 MiB | 29.17 MiB/s
 DEBUG [9f5a0223] 	[K
 DEBUG [9f5a0223] 	Receiving objects:  85% (9209/10833), 29.17 MiB | 29.17 MiB/s
 DEBUG [9f5a0223] 	[K
 DEBUG [9f5a0223] 	Receiving objects:  86% (9317/10833), 29.17 MiB | 29.17 MiB/s
 DEBUG [9f5a0223] 	[K
 DEBUG [9f5a0223] 	Receiving objects:  87% (9425/10833), 29.17 MiB | 29.17 MiB/s
 DEBUG [9f5a0223] 	[K
 DEBUG [9f5a0223] 	Receiving objects:  88% (9534/10833), 29.17 MiB | 29.17 MiB/s
 DEBUG [9f5a0223] 	[K
 DEBUG [9f5a0223] 	Receiving objects:  89% (9642/10833), 29.17 MiB | 29.17 MiB/s
 DEBUG [9f5a0223] 	[K
 DEBUG [9f5a0223] 	Receiving objects:  90% (9750/10833), 29.17 MiB | 29.17 MiB/s
 DEBUG [9f5a0223] 	[K
 DEBUG [9f5a0223] 	Receiving objects:  91% (9859/10833), 29.17 MiB | 29.17 MiB/s
 DEBUG [9f5a0223] 	[K
 DEBUG [9f5a0223] 	Receiving objects:  92% (9967/10833), 29.17 MiB | 29.17 MiB/s
 DEBUG [9f5a0223] 	[K
 DEBUG [9f5a0223] 	Receiving objects:  93% (10075/10833), 29.17 MiB | 29.17 MiB/s
 DEBUG [9f5a0223] 	[K
 DEBUG [9f5a0223] 	Receiving objects:  94% (10184/10833), 29.17 MiB | 29.17 MiB/s
 DEBUG [9f5a0223] 	[K
 DEBUG [9f5a0223] 	Receiving objects:  95% (10292/10833), 29.17 MiB | 29.17 MiB/s
 DEBUG [9f5a0223] 	[K
 DEBUG [9f5a0223] 	Receiving objects:  96% (10400/10833), 29.17 MiB | 29.17 MiB/s
 DEBUG [9f5a0223] 	[K
 DEBUG [9f5a0223] 	Receiving objects:  97% (10509/10833), 29.17 MiB | 29.17 MiB/s
 DEBUG [9f5a0223] 	[K
 DEBUG [9f5a0223] 	Receiving objects:  98% (10617/10833), 39.46 MiB | 26.30 MiB/s
 DEBUG [9f5a0223] 	[K
 DEBUG [9f5a0223] 	Receiving objects:  99% (10725/10833), 39.46 MiB | 26.30 MiB/s
 DEBUG [9f5a0223] 	remote: Total 10833 (delta 2781), reused 10632 (delta 2580), pack-reused 0[K
 DEBUG [9f5a0223] 	[K
 DEBUG [9f5a0223] 	Receiving objects: 100% (10833/10833), 39.46 MiB | 26.30 MiB/s
 DEBUG [9f5a0223] 	[K
 DEBUG [9f5a0223] 	Receiving objects: 100% (10833/10833), 40.40 MiB | 26.28 MiB/s, done.
 DEBUG [9f5a0223] 	[K
 DEBUG [9f5a0223] 	Resolving deltas:   0% (0/2781)
 DEBUG [9f5a0223] 	[K
 DEBUG [9f5a0223] 	Resolving deltas:   1% (28/2781)
 DEBUG [9f5a0223] 	[K
 DEBUG [9f5a0223] 	Resolving deltas:  19% (556/2781)
 DEBUG [9f5a0223] 	[K
 DEBUG [9f5a0223] 	Resolving deltas:  20% (582/2781)
 DEBUG [9f5a0223] 	[K
 DEBUG [9f5a0223] 	Resolving deltas:  21% (605/2781)
 DEBUG [9f5a0223] 	[K
 DEBUG [9f5a0223] 	Resolving deltas:  22% (616/2781)
 DEBUG [9f5a0223] 	[K
 DEBUG [9f5a0223] 	Resolving deltas:  25% (700/2781)
 DEBUG [9f5a0223] 	[K
 DEBUG [9f5a0223] 	Resolving deltas:  27% (776/2781)
 DEBUG [9f5a0223] 	[K
 DEBUG [9f5a0223] 	Resolving deltas:  28% (781/2781)
 DEBUG [9f5a0223] 	[K
 DEBUG [9f5a0223] 	Resolving deltas:  31% (875/2781)
 DEBUG [9f5a0223] 	[K
 DEBUG [9f5a0223] 	Resolving deltas:  33% (918/2781)
 DEBUG [9f5a0223] 	[K
 DEBUG [9f5a0223] 	Resolving deltas:  34% (964/2781)
 DEBUG [9f5a0223] 	[K
 DEBUG [9f5a0223] 	Resolving deltas:  35% (995/2781)
 DEBUG [9f5a0223] 	[K
 DEBUG [9f5a0223] 	Resolving deltas:  36% (1004/2781)
 DEBUG [9f5a0223] 	[K
 DEBUG [9f5a0223] 	Resolving deltas:  37% (1031/2781)
 DEBUG [9f5a0223] 	[K
 DEBUG [9f5a0223] 	Resolving deltas:  38% (1057/2781)
 DEBUG [9f5a0223] 	[K
 DEBUG [9f5a0223] 	Resolving deltas:  39% (1085/2781)
 DEBUG [9f5a0223] 	[K
 DEBUG [9f5a0223] 	Resolving deltas:  40% (1116/2781)
 DEBUG [9f5a0223] 	[K
 DEBUG [9f5a0223] 	Resolving deltas:  41% (1144/2781)
 DEBUG [9f5a0223] 	[K
 DEBUG [9f5a0223] 	Resolving deltas:  42% (1178/2781)
 DEBUG [9f5a0223] 	[K
 DEBUG [9f5a0223] 	Resolving deltas:  44% (1236/2781)
 DEBUG [9f5a0223] 	[K
 DEBUG [9f5a0223] 	Resolving deltas:  45% (1255/2781)
 DEBUG [9f5a0223] 	[K
 DEBUG [9f5a0223] 	Resolving deltas:  46% (1280/2781)
 DEBUG [9f5a0223] 	[K
 DEBUG [9f5a0223] 	Resolving deltas:  47% (1308/2781)
 DEBUG [9f5a0223] 	[K
 DEBUG [9f5a0223] 	Resolving deltas:  48% (1344/2781)
 DEBUG [9f5a0223] 	[K
 DEBUG [9f5a0223] 	Resolving deltas:  49% (1364/2781)
 DEBUG [9f5a0223] 	[K
 DEBUG [9f5a0223] 	Resolving deltas:  50% (1391/2781)
 DEBUG [9f5a0223] 	[K
 DEBUG [9f5a0223] 	Resolving deltas:  51% (1421/2781)
 DEBUG [9f5a0223] 	[K
 DEBUG [9f5a0223] 	Resolving deltas:  52% (1447/2781)
 DEBUG [9f5a0223] 	[K
 DEBUG [9f5a0223] 	Resolving deltas:  53% (1475/2781)
 DEBUG [9f5a0223] 	[K
 DEBUG [9f5a0223] 	Resolving deltas:  54% (1502/2781)
 DEBUG [9f5a0223] 	[K
 DEBUG [9f5a0223] 	Resolving deltas:  55% (1531/2781)
 DEBUG [9f5a0223] 	[K
 DEBUG [9f5a0223] 	Resolving deltas:  56% (1558/2781)
 DEBUG [9f5a0223] 	[K
 DEBUG [9f5a0223] 	Resolving deltas:  57% (1586/2781)
 DEBUG [9f5a0223] 	[K
 DEBUG [9f5a0223] 	Resolving deltas:  58% (1613/2781)
 DEBUG [9f5a0223] 	[K
 DEBUG [9f5a0223] 	Resolving deltas:  59% (1644/2781)
 DEBUG [9f5a0223] 	[K
 DEBUG [9f5a0223] 	Resolving deltas:  64% (1780/2781)
 DEBUG [9f5a0223] 	[K
 DEBUG [9f5a0223] 	Resolving deltas:  65% (1825/2781)
 DEBUG [9f5a0223] 	[K
 DEBUG [9f5a0223] 	Resolving deltas:  66% (1839/2781)
 DEBUG [9f5a0223] 	[K
 DEBUG [9f5a0223] 	Resolving deltas:  67% (1876/2781)
 DEBUG [9f5a0223] 	[K
 DEBUG [9f5a0223] 	Resolving deltas:  68% (1893/2781)
 DEBUG [9f5a0223] 	[K
 DEBUG [9f5a0223] 	Resolving deltas:  69% (1925/2781)
 DEBUG [9f5a0223] 	[K
 DEBUG [9f5a0223] 	Resolving deltas:  70% (1968/2781)
 DEBUG [9f5a0223] 	[K
 DEBUG [9f5a0223] 	Resolving deltas:  71% (1975/2781)
 DEBUG [9f5a0223] 	[K
 DEBUG [9f5a0223] 	Resolving deltas:  72% (2003/2781)
 DEBUG [9f5a0223] 	[K
 DEBUG [9f5a0223] 	Resolving deltas:  73% (2033/2781)
 DEBUG [9f5a0223] 	[K
 DEBUG [9f5a0223] 	Resolving deltas:  74% (2061/2781)
 DEBUG [9f5a0223] 	[K
 DEBUG [9f5a0223] 	Resolving deltas:  75% (2086/2781)
 DEBUG [9f5a0223] 	[K
 DEBUG [9f5a0223] 	Resolving deltas:  76% (2114/2781)
 DEBUG [9f5a0223] 	[K
 DEBUG [9f5a0223] 	Resolving deltas:  77% (2142/2781)
 DEBUG [9f5a0223] 	[K
 DEBUG [9f5a0223] 	Resolving deltas:  78% (2171/2781)
 DEBUG [9f5a0223] 	[K
 DEBUG [9f5a0223] 	Resolving deltas:  79% (2201/2781)
 DEBUG [9f5a0223] 	[K
 DEBUG [9f5a0223] 	Resolving deltas:  80% (2225/2781)
 DEBUG [9f5a0223] 	[K
 DEBUG [9f5a0223] 	Resolving deltas:  81% (2254/2781)
 DEBUG [9f5a0223] 	[K
 DEBUG [9f5a0223] 	Resolving deltas:  82% (2281/2781)
 DEBUG [9f5a0223] 	[K
 DEBUG [9f5a0223] 	Resolving deltas:  83% (2309/2781)
 DEBUG [9f5a0223] 	[K
 DEBUG [9f5a0223] 	Resolving deltas:  85% (2371/2781)
 DEBUG [9f5a0223] 	[K
 DEBUG [9f5a0223] 	Resolving deltas:  86% (2401/2781)
 DEBUG [9f5a0223] 	[K
 DEBUG [9f5a0223] 	Resolving deltas:  88% (2451/2781)
 DEBUG [9f5a0223] 	[K
 DEBUG [9f5a0223] 	Resolving deltas:  89% (2476/2781)
 DEBUG [9f5a0223] 	[K
 DEBUG [9f5a0223] 	Resolving deltas:  90% (2503/2781)
 DEBUG [9f5a0223] 	[K
 DEBUG [9f5a0223] 	Resolving deltas:  91% (2531/2781)
 DEBUG [9f5a0223] 	[K
 DEBUG [9f5a0223] 	Resolving deltas:  92% (2563/2781)
 DEBUG [9f5a0223] 	[K
 DEBUG [9f5a0223] 	Resolving deltas:  93% (2589/2781)
 DEBUG [9f5a0223] 	[K
 DEBUG [9f5a0223] 	Resolving deltas:  95% (2661/2781)
 DEBUG [9f5a0223] 	[K
 DEBUG [9f5a0223] 	Resolving deltas:  97% (2704/2781)
 DEBUG [9f5a0223] 	[K
 DEBUG [9f5a0223] 	Resolving deltas:  98% (2726/2781)
 DEBUG [9f5a0223] 	[K
 DEBUG [9f5a0223] 	Resolving deltas:  99% (2754/2781)
 DEBUG [9f5a0223] 	[K
 DEBUG [9f5a0223] 	Resolving deltas: 100% (2781/2781)
 DEBUG [9f5a0223] 	[K
 DEBUG [9f5a0223] 	Resolving deltas: 100% (2781/2781), done.
  INFO [9f5a0223] Finished in 4.260 seconds with exit status 0 (successful).
 DEBUG [4e9fee26] Running if test ! -d /u01/apps/qwinix/rails_deploy/repo; then echo "Directory does not exist '/u01/apps/qwinix/rails_deploy/repo'" 1>&2; false; fi as deploy@3.19.255.157
 DEBUG [4e9fee26] Command: if test ! -d /u01/apps/qwinix/rails_deploy/repo; then echo "Directory does not exist '/u01/apps/qwinix/rails_deploy/repo'" 1>&2; false; fi
 DEBUG [4e9fee26] 	/etc/profile.d/lang.sh: line 19: warning: setlocale: LC_CTYPE: cannot change locale (UTF-8): No such file or directory
 DEBUG [4e9fee26] Finished in 0.913 seconds with exit status 0 (successful).
  INFO [c48466f6] Running /usr/bin/env git remote set-url origin https://github.com/vaidehiramadugu/rails_deploy-project.git as deploy@3.19.255.157
 DEBUG [c48466f6] Command: cd /u01/apps/qwinix/rails_deploy/repo && ( export GIT_ASKPASS="/bin/echo" GIT_SSH="/tmp/git-ssh-rails_deploy-production-admin.sh" ; /usr/bin/env git remote set-url origin https://github.com/vaidehiramadugu/rails_deploy-project.git )
 DEBUG [c48466f6] 	/etc/profile.d/lang.sh: line 19: warning: setlocale: LC_CTYPE: cannot change locale (UTF-8): No such file or directory
  INFO [c48466f6] Finished in 0.885 seconds with exit status 0 (successful).
  INFO [eea3d25d] Running /usr/bin/env git remote update --prune as deploy@3.19.255.157
 DEBUG [eea3d25d] Command: cd /u01/apps/qwinix/rails_deploy/repo && ( export GIT_ASKPASS="/bin/echo" GIT_SSH="/tmp/git-ssh-rails_deploy-production-admin.sh" ; /usr/bin/env git remote update --prune )
 DEBUG [eea3d25d] 	/etc/profile.d/lang.sh: line 19: warning: setlocale: LC_CTYPE: cannot change locale (UTF-8): No such file or directory
 DEBUG [eea3d25d] 	Fetching origin
  INFO [eea3d25d] Finished in 1.042 seconds with exit status 0 (successful).
 DEBUG [e9cfef5d] Running if test ! -d /u01/apps/qwinix/rails_deploy/repo; then echo "Directory does not exist '/u01/apps/qwinix/rails_deploy/repo'" 1>&2; false; fi as deploy@3.19.255.157
 DEBUG [e9cfef5d] Command: if test ! -d /u01/apps/qwinix/rails_deploy/repo; then echo "Directory does not exist '/u01/apps/qwinix/rails_deploy/repo'" 1>&2; false; fi
 DEBUG [e9cfef5d] 	/etc/profile.d/lang.sh: line 19: warning: setlocale: LC_CTYPE: cannot change locale (UTF-8): No such file or directory
 DEBUG [e9cfef5d] Finished in 1.102 seconds with exit status 0 (successful).
  INFO [b2208642] Running /usr/bin/env mkdir -p /u01/apps/qwinix/rails_deploy/releases/20200204063431 as deploy@3.19.255.157
 DEBUG [b2208642] Command: cd /u01/apps/qwinix/rails_deploy/repo && ( export GIT_ASKPASS="/bin/echo" GIT_SSH="/tmp/git-ssh-rails_deploy-production-admin.sh" ; /usr/bin/env mkdir -p /u01/apps/qwinix/rails_deploy/releases/20200204063431 )
 DEBUG [b2208642] 	/etc/profile.d/lang.sh: line 19: warning: setlocale: LC_CTYPE: cannot change locale (UTF-8): No such file or directory
  INFO [b2208642] Finished in 0.885 seconds with exit status 0 (successful).
  INFO [f4b2f67c] Running /usr/bin/env git archive production | /usr/bin/env tar -x -f - -C /u01/apps/qwinix/rails_deploy/releases/20200204063431 as deploy@3.19.255.157
 DEBUG [f4b2f67c] Command: cd /u01/apps/qwinix/rails_deploy/repo && ( export GIT_ASKPASS="/bin/echo" GIT_SSH="/tmp/git-ssh-rails_deploy-production-admin.sh" ; /usr/bin/env git archive production | /usr/bin/env tar -x -f - -C /u01/apps/qwinix/rails_deploy/releases/20200204063431 )
 DEBUG [f4b2f67c] 	/etc/profile.d/lang.sh: line 19: warning: setlocale: LC_CTYPE: cannot change locale (UTF-8): No such file or directory
 DEBUG [f4b2f67c] 	fatal: not a valid object name: production
 DEBUG [f4b2f67c] 	tar: 
 DEBUG [f4b2f67c] 	This does not look like a tar archive
 DEBUG [f4b2f67c] 	
 DEBUG [f4b2f67c] 	tar: 
 DEBUG [f4b2f67c] 	Exiting with failure status due to previous errors
 DEBUG [f4b2f67c] 	
